1620655950007	geckodriver	INFO	Listening on 127.0.0.1:62785
1620655953044	geckodriver	INFO	Listening on 127.0.0.1:62795
1620655956088	geckodriver	INFO	Listening on 127.0.0.1:62806
1620656014066	geckodriver	INFO	Listening on 127.0.0.1:62848
1620656017089	geckodriver	INFO	Listening on 127.0.0.1:62858
1620656020138	geckodriver	INFO	Listening on 127.0.0.1:62867
1620656130710	geckodriver	INFO	Listening on 127.0.0.1:62958
1620656133743	geckodriver	INFO	Listening on 127.0.0.1:63027
1620656136786	geckodriver	INFO	Listening on 127.0.0.1:63047
1620656148471	geckodriver	INFO	Listening on 127.0.0.1:63076
1620656151492	geckodriver	INFO	Listening on 127.0.0.1:63086
1620656154510	geckodriver	INFO	Listening on 127.0.0.1:63096
1620656488443	geckodriver	INFO	Listening on 127.0.0.1:51003
1620656491495	geckodriver	INFO	Listening on 127.0.0.1:51022
1620656494526	geckodriver	INFO	Listening on 127.0.0.1:51035
1620656562057	geckodriver	INFO	Listening on 127.0.0.1:51092
1620656632243	geckodriver	INFO	Listening on 127.0.0.1:51140
1620656805796	geckodriver	INFO	Listening on 127.0.0.1:51226
1620656808825	mozrunner::runner	INFO	Running command: "C:\\Program Files\\Mozilla Firefox\\firefox.exe" "--marionette" "-foreground" "-no-remote" "-profile" "C:\\Users\\Hugo\\AppData\\Local\\Temp\\rust_mozprofilejprw02"
1620656809392	Marionette	INFO	Marionette enabled
console.warn: SearchSettings: "get: No settings file exists, new profile?" (new Error("", "(unknown module)"))
1620656811539	Marionette	INFO	Listening on port 51234
1620656811950	Marionette	WARN	TLS certificate errors will be ignored for this session
1620656977661	Marionette	INFO	Stopped listening on port 51234

###!!! [Child][RunMessage] Error: Channel closing: too late to send/recv, messages will be lost

1620657210851	geckodriver	INFO	Listening on 127.0.0.1:51566
1620657213872	mozrunner::runner	INFO	Running command: "C:\\Program Files\\Mozilla Firefox\\firefox.exe" "--marionette" "headless" "-foreground" "-no-remote" "-profile" "C:\\Users\\Hugo\\AppData\\Local\\Temp\\rust_mozprofileqzl0Vd"
1620657214197	Marionette	INFO	Marionette enabled
console.warn: SearchSettings: "get: No settings file exists, new profile?" (new Error("", "(unknown module)"))
1620657216065	Marionette	INFO	Listening on port 51575
1620657216492	Marionette	WARN	TLS certificate errors will be ignored for this session
1620657220713	Marionette	INFO	Stopped listening on port 51575

###!!! [Child][RunMessage] Error: Channel closing: too late to send/recv, messages will be lost

1620657233882	geckodriver	INFO	Listening on 127.0.0.1:51656
1620657236898	mozrunner::runner	INFO	Running command: "C:\\Program Files\\Mozilla Firefox\\firefox.exe" "--marionette" "headless" "-foreground" "-no-remote" "-profile" "C:\\Users\\Hugo\\AppData\\Local\\Temp\\rust_mozprofilet2dJSo"
1620657237214	Marionette	INFO	Marionette enabled
console.warn: SearchSettings: "get: No settings file exists, new profile?" (new Error("", "(unknown module)"))
1620657238977	Marionette	INFO	Listening on port 51665
1620657239027	Marionette	WARN	TLS certificate errors will be ignored for this session
1620657244256	Marionette	INFO	Stopped listening on port 51665

###!!! [Child][RunMessage] Error: Channel closing: too late to send/recv, messages will be lost

1620657258290	geckodriver	INFO	Listening on 127.0.0.1:51735
1620657261309	mozrunner::runner	INFO	Running command: "C:\\Program Files\\Mozilla Firefox\\firefox.exe" "--marionette" "headless" "-foreground" "-no-remote" "-profile" "C:\\Users\\Hugo\\AppData\\Local\\Temp\\rust_mozprofileL5zLHS"
1620657261634	Marionette	INFO	Marionette enabled
console.warn: SearchSettings: "get: No settings file exists, new profile?" (new Error("", "(unknown module)"))
1620657263501	Marionette	INFO	Listening on port 51744
1620657263929	Marionette	WARN	TLS certificate errors will be ignored for this session
console.warn: LoginRecipes: "getRecipes: falling back to a synchronous message for:" "https://aurion.junia.com"
JavaScript warning: https://aurion.junia.com/faces/Login.xhtml, line 1: unreachable code after return statement
1620657501387	Marionette	INFO	Stopped listening on port 51744
e" "headless" "-foreground" "-no-remote" "-profile" "C:\\Users\\Hugo\\AppData\\Local\\Temp\\rust_mozprofileUoWBPi"
1620657344350	Marionette	INFO	Marionette enabled
console.warn: SearchSettings: "get: No settings file exists, new profile?" (new Error("", "(unknown module)"))
1620657346252	Marionette	INFO	Listening on port 51879
1620657346566	Marionette	WARN	TLS certificate errors will be ignored for this session
console.warn: LoginRecipes: "getRecipes: falling back to a synchronous message for:" "https://aurion.junia.com"
1620657499717	Marionette	INFO	Stopped listening on port 51879

###!!! [Child][RunMessage] Error: Channel closing: too late to send/recv, messages will be lost

"--marionette" "headless" "-foreground" "-no-remote" "-profile" "C:\\Users\\Hugo\\AppData\\Local\\Temp\\rust_mozprofilei40zaR"
1620657398481	Marionette	INFO	Marionette enabled
console.warn: SearchSettings: "get: No settings file exists, new profile?" (new Error("", "(unknown module)"))
1620657400505	Marionette	INFO	Listening on port 51987
1620657400789	Marionette	WARN	TLS certificate errors will be ignored for this session
1620657497104	Marionette	INFO	Stopped listening on port 51987
0657442062	mozrunner::runner	INFO	Running command: "C:\\Program Files\\Mozilla Firefox\\firefox.exe" "--marionette" "headless" "-foreground" "-no-remote" "-profile" "C:\\Users\\Hugo\\AppData\\Local\\Temp\\rust_mozprofilerE3Sz1"
1620657442450	Marionette	INFO	Marionette enabled
console.warn: SearchSettings: "get: No settings file exists, new profile?" (new Error("", "(unknown module)"))
1620657444519	Marionette	INFO	Listening on port 52079
1620657444685	Marionette	WARN	TLS certificate errors will be ignored for this session
1620657495551	Marionette	INFO	Stopped listening on port 52079

###!!! [Child][RunMessage] Error: Channel closing: too late to send/recv, messages will be lost

"--marionette" "headless" "-foreground" "-no-remote" "-profile" "C:\\Users\\Hugo\\AppData\\Local\\Temp\\rust_mozprofilehO4a2f"
1620657467862	Marionette	INFO	Marionette enabled
console.warn: SearchSettings: "get: No settings file exists, new profile?" (new Error("", "(unknown module)"))
1620657469867	Marionette	INFO	Listening on port 52161
1620657470178	Marionette	WARN	TLS certificate errors will be ignored for this session
1620657494079	Marionette	INFO	Stopped listening on port 52161

###!!! [Child][RunMessage] Error: Channel closing: too late to send/recv, messages will be lost

1620657548896	geckodriver	INFO	Listening on 127.0.0.1:52260
1620657551910	mozrunner::runner	INFO	Running command: "C:\\Program Files\\Mozilla Firefox\\firefox.exe" "--marionette" "headless" "-foreground" "-no-remote" "-profile" "C:\\Users\\Hugo\\AppData\\Local\\Temp\\rust_mozprofileVdnB2O"
1620657552238	Marionette	INFO	Marionette enabled
console.warn: SearchSettings: "get: No settings file exists, new profile?" (new Error("", "(unknown module)"))
1620657553937	Marionette	INFO	Listening on port 52270
1620657554049	Marionette	WARN	TLS certificate errors will be ignored for this session
console.error: (new TypeError("currentNode is null", "resource://devtools/client/inspector/shared/style-change-tracker.js", 66))
TypeError: currentNode is null: canMutationImpactCurrentStyles@resource://devtools/client/inspector/shared/style-change-tracker.js:66:20
onMutations@resource://devtools/client/inspector/shared/style-change-tracker.js:84:41
_emit@resource://devtools/shared/event-emitter.js:226:34
emit@resource://devtools/shared/event-emitter.js:172:18
emit@resource://devtools/shared/event-emitter.js:324:18
getMutations@resource://devtools/client/fronts/walker.js:358:10

cJavaScript error: resource:///modules/UrlbarInput.jsm, line 2926: TypeError: event.target.closest is not a function
1620658313112	Marionette	INFO	Stopped listening on port 52394

###!!! [Child][RunMessage] Error: Channel closing: too late to send/recv, messages will be l1620658314413	Marionette	INFO	Stopped listening on port 52270

###!!! [Child][RunMessage] Error: Channel closing: too late to send/recv, messages will be lost

wn module)"))
1620657740336	Marionette	INFO	Listening on port 52495
1620657740589	Marionette	WARN	TLS certificate errors will be ignored for this session
1620658051572	Marionette	INFO	Stopped listening on port 52495

###!!! [Child][RunMessage] Error: Channel closing: too late to send/recv, messages will be lost

"--marionette" "headless" "-foreground" "-no-remote" "-profile" "C:\\Users\\Hugo\\AppData\\Local\\Temp\\rust_mozprofilevVZuai"
1620657915374	Marionette	INFO	Marionette enabled
console.warn: SearchSettings: "get: No settings file exists, new profile?" (new Error("", "(unknown module)"))
1620657917234	Marionette	INFO	Listening on port 52625
1620657917664	Marionette	WARN	TLS certificate errors will be ignored for this session
console.warn: "Async method failed in safeAsyncMethod" (new Error("Connection closed, pending request to server0.conn0.child4/customhighlighter99, type show failed\n\nRequest stack:\nrequest@resource://devtools/shared/protocol/Front.js:285:14\ngenerateRequestMethods/</frontProto[name]@resource://devtools/shared/protocol/Front/FrontClassWithSpec.js:46:19\nshow@resource://devtools/client/fronts/highlighters.js:27:18\nexports.safeAsyncMethod/<@resource://devtools/shared/async-utils.js:57:25\nshowHighlighterTypeForNode@resource://devtools/client/inspector/shared/highlighters-overlay.js:577:231620658054475	Marionette	INFO	Stopped listening on port 52731

###!!! [Child][RunMessage] Error: Channel closing: too late to send/recv, messages will be lost

e://browser/content/browser.js:7938:7\n", "resource://devtools/shared/protocol/Front.js", 99))
1620658052917	Marionette	INFO	Stopped listening on port 52625

###!!! [Child][RunMessage] Error: Channel closing: too late to send/recv, messages will be lost

or("", "(unknown module)"))
1620658015992	Marionette	INFO	Listening on port 52827
1620658016192	Marionette	WARN	TLS certificate errors will be ignored for this session
1620658055938	Marionette	INFO	Stopped listening on port 52827

###!!! [Child][RunMessage] Error: Channel closing: too late to send/recv, messages will be lost

1620658126611	geckodriver	INFO	Listening on 127.0.0.1:52970
1620658129626	mozrunner::runner	INFO	Running command: "C:\\Program Files\\Mozilla Firefox\\firefox.exe" "--marionette" "headless" "-foreground" "-no-remote" "-profile" "C:\\Users\\Hugo\\AppData\\Local\\Temp\\rust_mozprofilem7UB0D"
1620658129933	Marionette	INFO	Marionette enabled
console.warn: SearchSettings: "get: No settings file exists, new profile?" (new Error("", "(unknown module)"))
1620658131915	Marionette	INFO	Listening on port 52983
1620658132250	Marionette	WARN	TLS certificate errors will be ignored for this session
1620658311647	Marionette	INFO	Stopped listening on port 52983

###!!! [Child][RunMessage] Error: Channel closing: too late to send/recv, messages will be lost

"--marionette" "headless" "-foreground" "-no-remote" "-profile" "C:\\Users\\Hugo\\AppData\\Local\\Temp\\rust_mozprofileWWIF0S"
1620658183973	Marionette	INFO	Marionette enabled
console.warn: SearchSettings: "get: No settings file exists, new profile?" (new Error("", "(unknown module)"))
1620658185723	Marionette	INFO	Listening on port 53084
1620658185787	Marionette	WARN	TLS certificate errors will be ignored for this session
[Parent 14972, IPC I/O Parent] WARNING: file /builds/worker/checkouts/gecko/ipc/chromium/src/base/process_util_win.cc:167
1620658310607	Marionette	INFO	Stopped listening on port 53084

###!!! [Child][RunMessage] Error: Channel closing: too late to send/recv, messages will be lost

"--marionette" "headless" "-foreground" "-no-remote" "-profile" "C:\\Users\\Hugo\\AppData\\Local\\Temp\\rust_mozprofile383iTp"
1620658224373	Marionette	INFO	Marionette enabled
console.warn: SearchSettings: "get: No settings file exists, new profile?" (new Error("", "(unknown module)"))
1620658226248	Marionette	INFO	Listening on port 53167
1620658226677	Marionette	WARN	TLS certificate errors will be ignored for this session
1620658307611	Marionette	INFO	Stopped listening on port 53167

###!!! [Child][RunMessage] Error: Channel closing: too late to send/recv, messages will be lost

"--marionette" "headless" "-foreground" "-no-remote" "-profile" "C:\\Users\\Hugo\\AppData\\Local\\Temp\\rust_mozprofilepGPfRw"
1620658281008	Marionette	INFO	Marionette enabled
console.warn: SearchSettings: "get: No settings file exists, new profile?" (new Error("", "(unknown module)"))
1620658283046	Marionette	INFO	Listening on port 53303
1620658283288	Marionette	WARN	TLS certificate errors will be ignored for this session
1620658309636	Marionette	INFO	Stopped listening on port 53303

###!!! [Child][RunMessage] Error: Channel closing: too late to send/recv, messages will be lost

1620658320199	geckodriver	INFO	Listening on 127.0.0.1:53396
1620658323225	mozrunner::runner	INFO	Running command: "C:\\Program Files\\Mozilla Firefox\\firefox.exe" "--marionette" "headless" "-foreground" "-no-remote" "-profile" "C:\\Users\\Hugo\\AppData\\Local\\Temp\\rust_mozprofileX7ESID"
1620658323552	Marionette	INFO	Marionette enabled
console.warn: SearchSettings: "get: No settings file exists, new profile?" (new Error("", "(unknown module)"))
1620658325358	Marionette	INFO	Listening on port 53404
1620658325845	Marionette	WARN	TLS certificate errors will be ignored for this session
1620658333000	Marionette	INFO	Stopped listening on port 53404

###!!! [Child][RunMessage] Error: Channel closing: too late to send/recv, messages will be lost

1620658337662	geckodriver	INFO	Listening on 127.0.0.1:53473
1620658340679	mozrunner::runner	INFO	Running command: "C:\\Program Files\\Mozilla Firefox\\firefox.exe" "--marionette" "headless" "-foreground" "-no-remote" "-profile" "C:\\Users\\Hugo\\AppData\\Local\\Temp\\rust_mozprofileWUIUPm"
1620658341116	Marionette	INFO	Marionette enabled
console.warn: SearchSettings: "get: No settings file exists, new profile?" (new Error("", "(unknown module)"))
1620658343177	Marionette	INFO	Listening on port 53485
1620658343301	Marionette	WARN	TLS certificate errors will be ignored for this session
JavaScript error: resource://gre/modules/XULStore.jsm, line 66: Error: Can't find profile directory.
1620658899971	Marionette	INFO	Stopped listening on port 53485

###!!! [Child][RunMessage] Error: Channel closing: too late to send/recv, messages will be lost

"--marionette" "headless" "-foreground" "-no-remote" "-profile" "C:\\Users\\Hugo\\AppData\\Local\\Temp\\rust_mozprofiles4kizt"
1620658696198	Marionette	INFO	Marionette enabled
console.warn: SearchSettings: "get: No settings file exists, new profile?" (new Error("", "(unknown module)"))
1620658698155	Marionette	INFO	Listening on port 53648
1620658698509	Marionette	WARN	TLS certificate errors will be ignored for this session
JavaScript error: resource://gre/modules/XULStore.jsm, line 66: Error: Can't find profile directory.
1620658898603	Marionette	INFO	Stopped listening on port 53648

###!!! [Child][RunMessage] Error: Channel closing: too late to send/recv, messages will be lost

"--marionette" "headless" "-foreground" "-no-remote" "-profile" "C:\\Users\\Hugo\\AppData\\Local\\Temp\\rust_mozprofileqoCuTg"
1620658869360	Marionette	INFO	Marionette enabled
console.warn: SearchSettings: "get: No settings file exists, new profile?" (new Error("", "(unknown module)"))
1620658871280	Marionette	INFO	Listening on port 53827
1620658871663	Marionette	WARN	TLS certificate errors will be ignored for this session
1620658897490	Marionette	INFO	Stopped listening on port 53827

###!!! [Child][RunMessage] Error: Channel closing: too late to send/recv, messages will be lost

1620658914697	geckodriver	INFO	Listening on 127.0.0.1:53920
1620658917728	mozrunner::runner	INFO	Running command: "C:\\Program Files\\Mozilla Firefox\\firefox.exe" "--marionette" "headless" "-foreground" "-no-remote" "-profile" "C:\\Users\\Hugo\\AppData\\Local\\Temp\\rust_mozprofileoN8q8a"
1620658918050	Marionette	INFO	Marionette enabled
console.warn: SearchSettings: "get: No settings file exists, new profile?" (new Error("", "(unknown module)"))
1620658919869	Marionette	INFO	Listening on port 53930
1620658920349	Marionette	WARN	TLS certificate errors will be ignored for this session
console.error: "Error while calling actor 'pagestyle's method 'getUsedFontFaces'" "node is null"
console.error: (new TypeError("node is null", "resource://devtools/server/actors/page-style.js", 368))
console.error: "Could not get the list of font families" (new Error("Protocol error (TypeError): node is null from: server0.conn0.child4/pagestyle24 (resource://devtools/server/actors/page-style.js:368:24)", "resource://devtools/shared/protocol/Front.js", 358))
JavaScript error: resource://gre/modules/XULStore.jsm, line 66: Error: Can't find profile directory.
JavaScript error: resource://gre/modules/XULStore.jsm, line 66: Error: Can't find profile directory.
JavaScript error: resource:///modules/UrlbarInput.jsm, line 2926: TypeError: event.target.closest is not a function
JavaScript error: , line 0: NS_ERROR_NOT_AVAILABLE
1620659938555	Marionette	INFO	Stopped listening on port 53930

###!!! [Child][RunMessage] Error: Channel closing: too late to send/recv, messages will be lost

 "-profile" "C:\\Users\\Hugo\\AppData\\Local\\Temp\\rust_mozprofileutu20I"
1620659214306	Marionette	INFO	Marionette enabled
console.warn: SearchSettings: "get: No settings file exists, new profile?" (new Error("", "(unknown module)"))
1620659216331	Marionette	INFO	Listening on port 54280
1620659216590	Marionette	WARN	TLS certificate errors will be ignored for this session
1620659323211	Marionette	INFO	Stopped listening on port 54280

###!!! [Child][RunMessage] Error: Channel closing: too late to send/recv, messages will be lost

"--marionette" "headless" "-foreground" "-no-remote" "-profile" "C:\\Users\\Hugo\\AppData\\Local\\Temp\\rust_mozprofileIUHf52"
1620659286999	Marionette	INFO	Marionette enabled
console.warn: SearchSettings: "get: No settings file exists, new profile?" (new Error("", "(unknown module)"))
1620659288953	Marionette	INFO	Listening on port 54385
1620659289317	Marionette	WARN	TLS certificate errors will be ignored for this session
1620659321343	Marionette	INFO	Stopped listening on port 54381620659322899	mozrunner::runner	INFO	Running command: "C:\\Program Files\\Mozilla Firefox\\firefox.exe" "--marionette" "headless" "-foreground" "-no-remote" "-profile" "C:\\Users\\Hugo\\AppData\\Local\\Temp\\rust_mozprofilevPo2C7"
1620659323337	Marionette	INFO	Marionette enabled
console.warn: SearchSettings: "get: No settings file exists, new profile?" (new Error("", "(unknown module)"))
1620659325442	Marionette	INFO	Listening on port 54481
1620659325523	Marionette	WARN	TLS certificate errors will be ignored for this session
1620659937552	Marionette	INFO	Stopped listening on port 54481

###!!! [Child][RunMessage] Error: Channel closing: too late to send/recv, messages will be lost

"--marionette" "headless" "-foreground" "-no-remote" "-profile" "C:\\Users\\Hugo\\AppData\\Local\\Temp\\rust_mozprofileMsNtu2"
1620659359728	Marionette	INFO	Marionette enabled
console.warn: SearchSettings: "get: No settings file exists, new profile?" (new Error("", "(unknown module)"))
1620659361685	Marionette	INFO	Listening on port 54582
1620659362044	Marionette	WARN	TLS certificate errors will be ignored for this session
1620659936991	Marionette	INFO	Stopped listening on port 54582

###!!! [Child][RunMessage] Error: Channel closing: too late to send/recv, messages will be lost

"--marionette" "headless" "-foreground" "-no-remote" "-profile" "C:\\Users\\Hugo\\AppData\\Local\\Temp\\rust_mozprofileA0gx6A"
1620659382260	Marionette	INFO	Marionette enabled
console.warn: SearchSettings: "get: No settings file exists, new profile?" (new Error("", "(unknown module)"))
1620659384288	Marionette	INFO	Listening on port 54666
1620659384569	Marionette	WARN	TLS certificate errors will be ignored for this session
console.error: "Error while calling actor 'pagestyle's method 'getApplied'" "node is null"
console.error: (new TypeError("node is null", "resource://devtools/server/actors/page-style.js", 571))
console.error: "Error while calling actor 'pagestyle's method 'getLayout'" "node is null"
console.error: (new TypeError("node is null", "resource://devtools/server/actors/page-style.js", 1002))
console.error: (new Error("Protocol error (TypeError): node is null from: server0.conn0.child4/pagestyle25 (resource://devtools/server/actors/page-style.js:571:5)", "resource://devtools/shared/protocol/Front.js", 358))
console.error: (new Error("Protocol error (TypeError): node is null from: server0.conn0.child4/pagestyle25 (resource://devtools/server/actors/page-style.js:1002:5)", "resource://devtools/shared/protocol/Front.js", 358))
console.error: "Error while calling actor 'pagestyle's method 'getUsedFontFaces'" "node is null"
console.error: (new TypeError("node is null", "resource://devtools/server/actors/page-style.js", 368))
console.error: "Could not get the list of font families" (new Error("Protocol error (TypeError): node is null from: server0.conn0.child4/pagestyle25 (resource://devtools/server/actors/page-style.js:368:24)", "resource://devtools/shared/protocol/Front.js", 358))
console.error: "Error writing request: getGrids"
JavaScript error: resource://gre/modules/XULStore.jsm, line 66: Error: Can't find profile directory.
1620659935913	Marionette	INFO	Stopped listening on port 54666

###!!! [Child][RunMessage] Error: Channel closing: too late to send/recv, messages will be lost

\\rust_mozprofile3OcHuu"
1620659475723	Marionette	INFO	Marionette enabled
console.warn: SearchSettings: "get: No settings file exists, new profile?" (new Error("", "(unknown module)"))
1620659477631	Marionette	INFO	Listening on port 54808
1620659478000	Marionette	WARN	TLS certificate errors will be ignored for this session
1620659575696	Marionette	INFO	Stopped listening on port 54808

###!!! [Child][RunMessage] Error: Channel closing: too late to send/recv, messages will be lost

1620659928595	geckodriver	INFO	Listening on 127.0.0.1:55098
1620659931615	mozrunner::runner	INFO	Running command: "C:\\Program Files\\Mozilla Firefox\\firefox.exe" "--marionette" "-headless" "-foreground" "-no-remote" "-profile" "C:\\Users\\Hugo\\AppData\\Local\\Temp\\rust_mozprofileHHNcz9"
*** You are running in headless mode.
1620659931960	Marionette	INFO	Marionette enabled
console.warn: SearchSettings: "get: No settings file exists, new profile?" (new Error("", "(unknown module)"))
1620659933056	Marionette	INFO	Listening on port 55107
1620659933134	Marionette	WARN	TLS certificate errors will be ignored for this session
JavaScript error: , line 0: NS_ERROR_NOT_AVAILABLE
1:55223
1620660001653	mozrunner::runner	INFO	Running command: "C:\\Program Files\\Mozilla Firefox\\firefox.exe" "--marionette" "-headless" "-foreground" "-no-remote" "-profile" "C:\\Users\\Hugo\\AppData\\Local\\Temp\\rust_mozprofileEmy1qc"
*** You are running in headless mode.
1620660001961	Marionette	INFO	Marionette enabled
console.warn: SearchSettings: "get: No settings file exists, new profile?" (new Error("", "(unknown module)"))
1620660002985	Marionette	INFO	Listening on port 55232
1620660003175	Marionette	WARN	TLS certificate errors will be ignored for this session
JavaScript error: , line 0: NS_ERROR_NOT_AVAILABLE
Exiting due to channel error.
Exiting due to channel error.
"C:\\Program Files\\Mozilla Firefox\\firefox.exe" "--marionette" "-headless" "-foreground" "-no-remote" "-profile" "C:\\Users\\Hugo\\AppData\\Local\\Temp\\rust_mozprofile0cwBrj"
*** You are running in headless mode.
1620660090721	Marionette	INFO	Marionette enabled
console.warn: SearchSettings: "get: No settings file exists, new profile?" (new Error("", "(unknown module)"))
1620660091935	Marionette	INFO	Listening on port 55361
JavaScript error: , line 0: NS_ERROR_NOT_AVAILABLE
Exiting due to channel error.
[GFX1-]: Receive IPC close with reason=AbnormalShutdown
Exiting due to channel error.
onette" "-headless" "-foreground" "-no-remote" "-profile" "C:\\Users\\Hugo\\AppData\\Local\\Temp\\rust_mozprofile8IYise"
*** You are running in headless mode.
1620660097417	Marionette	INFO	Marionette enabled
console.warn: SearchSettings: "get: No settings file exists, new profile?" (new Error("", "(unknown module)"))
1620660098446	Marionette	INFO	Listening on port 55418
1620660098630	Marionette	WARN	TLS certificate errors will be ignored for this session
JavaScript error: , line 0: NS_ERROR_NOT_AVAILABLE
1:55929
1620660444740	mozrunner::runner	INFO	Running command: "C:\\Program Files\\Mozilla Firefox\\firefox.exe" "--marionette" "-headless" "-foreground" "-no-remote" "-profile" "C:\\Users\\Hugo\\AppData\\Local\\Temp\\rust_mozprofileh1LBiK"
*** You are running in headless mode.
1620660445046	Marionette	INFO	Marionette enabled
console.warn: SearchSettings: "get: No settings file exists, new profile?" (new Error("", "(unknown module)"))
1620660446061	Marionette	INFO	Listening on port 55943
1620660446263	Marionette	WARN	TLS certificate errors will be ignored for this session
JavaScript error: , line 0: NS_ERROR_NOT_AVAILABLE
Exiting due to channel error.
Exiting due to channel error.
Exiting due to channel error.
efox\\firefox.exe" "--marionette" "-headless" "-foreground" "-no-remote" "-profile" "C:\\Users\\Hugo\\AppData\\Local\\Temp\\rust_mozprofileMX4W2F"
*** You are running in headless mode.
1620660529617	Marionette	INFO	Marionette enabled
console.warn: SearchSettings: "get: No settings file exists, new profile?" (new Error("", "(unknown module)"))
1620660530632	Marionette	INFO	Listening on port 56077
1620660530829	Marionette	WARN	TLS certificate errors will be ignored for this session
JavaScript error: , line 0: NS_ERROR_NOT_AVAILABLE
Exiting due to channel error.
Exiting due to channel error.
Exiting due to channel error.
efox\\firefox.exe" "--marionette" "-headless" "-foreground" "-no-remote" "-profile" "C:\\Users\\Hugo\\AppData\\Local\\Temp\\rust_mozprofileRdQyMR"
*** You are running in headless mode.
1620660593771	Marionette	INFO	Marionette enabled
console.warn: SearchSettings: "get: No settings file exists, new profile?" (new Error("", "(unknown module)"))
1620660594872	Marionette	INFO	Listening on port 56190
1620660594978	Marionette	WARN	TLS certificate errors will be ignored for this session
JavaScript error: , line 0: NS_ERROR_NOT_AVAILABLE
Exiting due to channel error.
Exiting due to channel error.
"C:\\Program Files\\Mozilla Firefox\\firefox.exe" "--marionette" "-headless" "-foreground" "-no-remote" "-profile" "C:\\Users\\Hugo\\AppData\\Local\\Temp\\rust_mozprofile0orYci"
*** You are running in headless mode.
1620660629478	Marionette	INFO	Marionette enabled
console.warn: SearchSettings: "get: No settings file exists, new profile?" (new Error("", "(unknown module)"))
1620660630585	Marionette	INFO	Listening on port 56295
1620660630662	Marionette	WARN	TLS certificate errors will be ignored for this session
JavaScript error: , line 0: NS_ERROR_NOT_AVAILABLE
Exiting due to channel error.
Exiting due to channel error.
"C:\\Program Files\\Mozilla Firefox\\firefox.exe" "--marionette" "-headless" "-foreground" "-no-remote" "-profile" "C:\\Users\\Hugo\\AppData\\Local\\Temp\\rust_mozprofileF6eXXh"
*** You are running in headless mode.
1620660702368	Marionette	INFO	Marionette enabled
console.warn: SearchSettings: "get: No settings file exists, new profile?" (new Error("", "(unknown module)"))
1620660703627	Marionette	INFO	Listening on port 56431
1620660703991	Marionette	WARN	TLS certificate errors will be ignored for this session
JavaScript error: , line 0: NS_ERROR_NOT_AVAILABLE
Exiting due to channel error.
Exiting due to channel error.
"C:\\Program Files\\Mozilla Firefox\\firefox.exe" "--marionette" "-headless" "-foreground" "-no-remote" "-profile" "C:\\Users\\Hugo\\AppData\\Local\\Temp\\rust_mozprofile0mUElc"
*** You are running in headless mode.
1620661005207	Marionette	INFO	Marionette enabled
console.warn: SearchSettings: "get: No settings file exists, new profile?" (new Error("", "(unknown module)"))
1620661006223	Marionette	INFO	Listening on port 56745
1620661006418	Marionette	WARN	TLS certificate errors will be ignored for this session
JavaScript error: , line 0: NS_ERROR_NOT_AVAILABLE
Exiting due to channel error.
::runner	INFO	Running command: "C:\\Program Files\\Mozilla Firefox\\firefox.exe" "--marionette" "-headless" "-foreground" "-no-remote" "-profile" "C:\\Users\\Hugo\\AppData\\Local\\Temp\\rust_mozprofileCtscZV"
*** You are running in headless mode.
1620661127315	Marionette	INFO	Marionette enabled
console.warn: SearchSettings: "get: No settings file exists, new profile?" (new Error("", "(unknown module)"))
1620661128329	Marionette	INFO	Listening on port 56961
1620661128531	Marionette	WARN	TLS certificate errors will be ignored for this session
JavaScript error: , line 0: NS_ERROR_NOT_AVAILABLE
Exiting due to channel error.
Exiting due to channel error.
"C:\\Program Files\\Mozilla Firefox\\firefox.exe" "--marionette" "-headless" "-foreground" "-no-remote" "-profile" "C:\\Users\\Hugo\\AppData\\Local\\Temp\\rust_mozprofileK0bsiG"
*** You are running in headless mode.
1620661174102	Marionette	INFO	Marionette enabled
console.warn: SearchSettings: "get: No settings file exists, new profile?" (new Error("", "(unknown module)"))
1620661175109	Marionette	INFO	Listening on port 57073
1620661175316	Marionette	WARN	TLS certificate errors will be ignored for this session
JavaScript error: , line 0: NS_ERROR_NOT_AVAILABLE
Exiting due to channel error.
Exiting due to channel error.
Exiting due to channel error.
efox\\firefox.exe" "--marionette" "-headless" "-foreground" "-no-remote" "-profile" "C:\\Users\\Hugo\\AppData\\Local\\Temp\\rust_mozprofileHx3GbF"
*** You are running in headless mode.
1620661312458	Marionette	INFO	Marionette enabled
console.warn: SearchSettings: "get: No settings file exists, new profile?" (new Error("", "(unknown module)"))
1620661313559	Marionette	INFO	Listening on port 57271
1620661313669	Marionette	WARN	TLS certificate errors will be ignored for this session
JavaScript error: , line 0: NS_ERROR_NOT_AVAILABLE
Exiting due to channel error.
::runner	INFO	Running command: "C:\\Program Files\\Mozilla Firefox\\firefox.exe" "--marionette" "-headless" "-foreground" "-no-remote" "-profile" "C:\\Users\\Hugo\\AppData\\Local\\Temp\\rust_mozprofilevKXw4g"
*** You are running in headless mode.
1620661425967	Marionette	INFO	Marionette enabled
console.warn: SearchSettings: "get: No settings file exists, new profile?" (new Error("", "(unknown module)"))
1620661426993	Marionette	INFO	Listening on port 57446
1620661427139	Marionette	WARN	TLS certificate errors will be ignored for this session
JavaScript error: , line 0: NS_ERROR_NOT_AVAILABLE
Exiting due to channel error.
Exiting due to channel error.
Exiting due to channel error.
efox\\firefox.exe" "--marionette" "-headless" "-foreground" "-no-remote" "-profile" "C:\\Users\\Hugo\\AppData\\Local\\Temp\\rust_mozprofilejR3rzx"
*** You are running in headless mode.
1620661748473	Marionette	INFO	Marionette enabled
console.warn: SearchSettings: "get: No settings file exists, new profile?" (new Error("", "(unknown module)"))
1620661749500	Marionette	INFO	Listening on port 57772
1620661749686	Marionette	WARN	TLS certificate errors will be ignored for this session
JavaScript error: , line 0: NS_ERROR_NOT_AVAILABLE
Exiting due to channel error.
::runner	INFO	Running command: "C:\\Program Files\\Mozilla Firefox\\firefox.exe" "--marionette" "-headless" "-foreground" "-no-remote" "-profile" "C:\\Users\\Hugo\\AppData\\Local\\Temp\\rust_mozprofileJ4JJxy"
*** You are running in headless mode.
1620661853703	Marionette	INFO	Marionette enabled
console.warn: SearchSettings: "get: No settings file exists, new profile?" (new Error("", "(unknown module)"))
1620661854823	Marionette	INFO	Listening on port 57930
1620661854923	Marionette	WARN	TLS certificate errors will be ignored for this session
Exiting due to channel error.
Exiting due to channel error.
20662079046	mozrunner::runner	INFO	Running command: "C:\\Program Files\\Mozilla Firefox\\firefox.exe" "--marionette" "-headless" "-foreground" "-no-remote" "-profile" "C:\\Users\\Hugo\\AppData\\Local\\Temp\\rust_mozprofilemT7Kqd"
*** You are running in headless mode.
1620662079428	Marionette	INFO	Marionette enabled
console.warn: SearchSettings: "get: No settings file exists, new profile?" (new Error("", "(unknown module)"))
1620662080451	Marionette	INFO	Listening on port 58400
1620662080567	Marionette	WARN	TLS certificate errors will be ignored for this session
Exiting due to channel error.
Exiting due to channel error.
Exiting due to channel error.
NFO	Running command: "C:\\Program Files\\Mozilla Firefox\\firefox.exe" "--marionette" "-headless" "-foreground" "-no-remote" "-profile" "C:\\Users\\Hugo\\AppData\\Local\\Temp\\rust_mozprofileFEijUi"
*** You are running in headless mode.
1620662101910	Marionette	INFO	Marionette enabled
console.warn: SearchSettings: "get: No settings file exists, new profile?" (new Error("", "(unknown module)"))
1620662102969	Marionette	INFO	Listening on port 58500
1620662103119	Marionette	WARN	TLS certificate errors will be ignored for this session
Exiting due to channel error.
Exiting due to channel error.
20662133952	mozrunner::runner	INFO	Running command: "C:\\Program Files\\Mozilla Firefox\\firefox.exe" "--marionette" "-headless" "-foreground" "-no-remote" "-profile" "C:\\Users\\Hugo\\AppData\\Local\\Temp\\rust_mozprofilecAZMNj"
*** You are running in headless mode.
1620662134260	Marionette	INFO	Marionette enabled
console.warn: SearchSettings: "get: No settings file exists, new profile?" (new Error("", "(unknown module)"))
1620662135448	Marionette	INFO	Listening on port 58594
1620662135473	Marionette	WARN	TLS certificate errors will be ignored for this session
Exiting due to channel error.
